
Loan
- before(:all) (FAILED - 1)

1)
'Loan before(:all)' FAILED
expected valid? to return true, got false
./spec/models/loan_spec.rb:44:

Finished in 7.602847 seconds

0 examples, 1 failure
